<?xml version="1.0" encoding="UTF-8"?>
<!-- Generated by org.testng.reporters.JUnitXMLReporter -->
<testsuite ignored="0" hostname="LAPTOP-2L9MTON8" failures="0" tests="1" name="my hub spot test chrome" time="5.45" errors="0" timestamp="25 May 2024 12:32:55 GMT">
  <testcase classname="com.MyTests.BaseTest" name="@BeforeMethod setUpTest" time="5.416">
    <failure type="org.openqa.selenium.SessionNotCreatedException" message="session not created: This version of ChromeDriver only supports Chrome version 114
Current browser version is 124.0.6367.208 with binary path C:\Program Files\Google\Chrome\Application\chrome.exe
Build info: version: &amp;apos;3.14.0&amp;apos;, revision: &amp;apos;aacccce0&amp;apos;, time: &amp;apos;2018-08-02T20:19:58.91Z&amp;apos;
System info: host: &amp;apos;LAPTOP-2L9MTON8&amp;apos;, ip: &amp;apos;192.168.1.46&amp;apos;, os.name: &amp;apos;Windows 11&amp;apos;, os.arch: &amp;apos;amd64&amp;apos;, os.version: &amp;apos;10.0&amp;apos;, java.version: &amp;apos;17.0.10&amp;apos;
Driver info: driver.version: ChromeDriver
remote stacktrace: Backtrace:
	GetHandleVerifier [0x00BDA813+48355]
	(No symbol) [0x00B6C4B1]
	(No symbol) [0x00A75358]
	(No symbol) [0x00A961AC]
	(No symbol) [0x00A91EF3]
	(No symbol) [0x00A90579]
	(No symbol) [0x00AC0C55]
	(No symbol) [0x00AC093C]
	(No symbol) [0x00ABA536]
	(No symbol) [0x00A982DC]
	(No symbol) [0x00A993DD]
	GetHandleVerifier [0x00E3AABD+2539405]
	GetHandleVerifier [0x00E7A78F+2800735]
	GetHandleVerifier [0x00E7456C+2775612]
	GetHandleVerifier [0x00C651E0+616112]
	(No symbol) [0x00B75F8C]
	(No symbol) [0x00B72328]
	(No symbol) [0x00B7240B]
	(No symbol) [0x00B64FF7]
	BaseThreadInitThunk [0x766F7BA9+25]
	RtlInitializeExceptionChain [0x7769BE3B+107]
	RtlClearBits [0x7769BDBF+191]
">
      <![CDATA[org.openqa.selenium.SessionNotCreatedException: session not created: This version of ChromeDriver only supports Chrome version 114
Current browser version is 124.0.6367.208 with binary path C:\Program Files\Google\Chrome\Application\chrome.exe
Build info: version: '3.14.0', revision: 'aacccce0', time: '2018-08-02T20:19:58.91Z'
System info: host: 'LAPTOP-2L9MTON8', ip: '192.168.1.46', os.name: 'Windows 11', os.arch: 'amd64', os.version: '10.0', java.version: '17.0.10'
Driver info: driver.version: ChromeDriver
remote stacktrace: Backtrace:
GetHandleVerifier [0x00BDA813+48355]
(No symbol) [0x00B6C4B1]
(No symbol) [0x00A75358]
(No symbol) [0x00A961AC]
(No symbol) [0x00A91EF3]
(No symbol) [0x00A90579]
(No symbol) [0x00AC0C55]
(No symbol) [0x00AC093C]
(No symbol) [0x00ABA536]
(No symbol) [0x00A982DC]
(No symbol) [0x00A993DD]
GetHandleVerifier [0x00E3AABD+2539405]
GetHandleVerifier [0x00E7A78F+2800735]
GetHandleVerifier [0x00E7456C+2775612]
GetHandleVerifier [0x00C651E0+616112]
(No symbol) [0x00B75F8C]
(No symbol) [0x00B72328]
(No symbol) [0x00B7240B]
(No symbol) [0x00B64FF7]
BaseThreadInitThunk [0x766F7BA9+25]
RtlInitializeExceptionChain [0x7769BE3B+107]
RtlClearBits [0x7769BDBF+191]

at org.openqa.selenium.remote.W3CHandshakeResponse.lambda$new$0(W3CHandshakeResponse.java:57)
at org.openqa.selenium.remote.W3CHandshakeResponse.lambda$getResponseFunction$2(W3CHandshakeResponse.java:104)
at org.openqa.selenium.remote.ProtocolHandshake.lambda$createSession$0(ProtocolHandshake.java:122)
at java.base/java.util.stream.ReferencePipeline$3$1.accept(ReferencePipeline.java:197)
at java.base/java.util.Spliterators$ArraySpliterator.tryAdvance(Spliterators.java:1002)
at java.base/java.util.stream.ReferencePipeline.forEachWithCancel(ReferencePipeline.java:129)
at java.base/java.util.stream.AbstractPipeline.copyIntoWithCancel(AbstractPipeline.java:527)
at java.base/java.util.stream.AbstractPipeline.copyInto(AbstractPipeline.java:513)
at java.base/java.util.stream.AbstractPipeline.wrapAndCopyInto(AbstractPipeline.java:499)
at java.base/java.util.stream.FindOps$FindOp.evaluateSequential(FindOps.java:150)
at java.base/java.util.stream.AbstractPipeline.evaluate(AbstractPipeline.java:234)
at java.base/java.util.stream.ReferencePipeline.findFirst(ReferencePipeline.java:647)
at org.openqa.selenium.remote.ProtocolHandshake.createSession(ProtocolHandshake.java:125)
at org.openqa.selenium.remote.ProtocolHandshake.createSession(ProtocolHandshake.java:73)
at org.openqa.selenium.remote.HttpCommandExecutor.execute(HttpCommandExecutor.java:136)
at org.openqa.selenium.remote.service.DriverCommandExecutor.execute(DriverCommandExecutor.java:83)
at org.openqa.selenium.remote.RemoteWebDriver.execute(RemoteWebDriver.java:548)
at org.openqa.selenium.remote.RemoteWebDriver.startSession(RemoteWebDriver.java:212)
at org.openqa.selenium.remote.RemoteWebDriver.<init>(RemoteWebDriver.java:130)
at org.openqa.selenium.chrome.ChromeDriver.<init>(ChromeDriver.java:181)
at org.openqa.selenium.chrome.ChromeDriver.<init>(ChromeDriver.java:168)
at org.openqa.selenium.chrome.ChromeDriver.<init>(ChromeDriver.java:123)
at com.MyTests.BaseTest.setUpTest(BaseTest.java:32)
... Removed 36 stack frames]]>
    </failure>
  </testcase> <!-- @BeforeMethod setUpTest -->
  <testcase classname="com.MyTests.BaseTest" name="@AfterMethod tearDown" time="0.0">
    <skipped/>
  </testcase> <!-- @AfterMethod tearDown -->
  <testcase classname="com.MyTests.LoginTest" name="verifyLoginPageTitleTest" time="0.0">
    <skipped/>
  </testcase> <!-- verifyLoginPageTitleTest -->
</testsuite> <!-- my hub spot test chrome -->
